<?xml version="1.0" encoding="UTF-8"?>
<!-- Generated by org.testng.reporters.JUnitReportReporter -->
<testsuite hostname="DESKTOP-4HJIOBN" failures="0" tests="5" name="magnetoWebsiteTesting.Myfirsttest" time="27.422" errors="0" timestamp="2024-08-11T20:44:52 EET" skipped="4">
  <testcase classname="magnetoWebsiteTesting.Myfirsttest" name="addWomenItem" time="27.422"/>
  <system-out/>
  <testcase classname="magnetoWebsiteTesting.Myfirsttest" name="addMenItem">
    <skipped/>
  </testcase> <!-- addMenItem -->
  <system-out/>
  <testcase classname="magnetoWebsiteTesting.Myfirsttest" name="logOut">
    <skipped/>
  </testcase> <!-- logOut -->
  <system-out/>
  <testcase classname="magnetoWebsiteTesting.Myfirsttest" name="loginTest">
    <skipped/>
  </testcase> <!-- loginTest -->
  <system-out/>
  <testcase classname="magnetoWebsiteTesting.Myfirsttest" name="CreateAnAccount">
    <skipped/>
  </testcase> <!-- CreateAnAccount -->
  <system-out/>
</testsuite> <!-- magnetoWebsiteTesting.Myfirsttest -->
